<?xml version="1.0" ?>
<!DOCTYPE coverage SYSTEM "http://cobertura.sourceforge.net/xml/coverage-04.dtd">
<coverage lines-valid="63" lines-covered="63" line-rate="1" branches-valid="16" branches-covered="16" branch-rate="1" timestamp="1588488702357" complexity="0" version="0.1">
  <sources>
    <source>/Users/sakurai/WebstormProjects/webide/aws-yaml</source>
  </sources>
  <packages>
    <class name="index.ts" filename="src/index.ts" line-rate="1" branch-rate="1">
      <methods>
        <method name="(anonymous_2)" hits="79" signature="()V">
          <lines>
            <line number="13" hits="79"/>
          </lines>
        </method>
        <method name="(anonymous_3)" hits="42" signature="()V">
          <lines>
            <line number="16" hits="42"/>
          </lines>
        </method>
        <method name="(anonymous_4)" hits="38" signature="()V">
          <lines>
            <line number="18" hits="38"/>
          </lines>
        </method>
        <method name="(anonymous_5)" hits="22" signature="()V">
          <lines>
            <line number="21" hits="22"/>
          </lines>
        </method>
        <method name="(anonymous_6)" hits="4" signature="()V">
          <lines>
            <line number="25" hits="4"/>
          </lines>
        </method>
        <method name="(anonymous_7)" hits="4" signature="()V">
          <lines>
            <line number="29" hits="4"/>
          </lines>
        </method>
        <method name="(anonymous_8)" hits="4" signature="()V">
          <lines>
            <line number="33" hits="4"/>
          </lines>
        </method>
        <method name="(anonymous_9)" hits="4" signature="()V">
          <lines>
            <line number="37" hits="4"/>
          </lines>
        </method>
        <method name="(anonymous_10)" hits="8" signature="()V">
          <lines>
            <line number="38" hits="8"/>
          </lines>
        </method>
        <method name="(anonymous_11)" hits="4" signature="()V">
          <lines>
            <line number="42" hits="4"/>
          </lines>
        </method>
        <method name="(anonymous_12)" hits="6" signature="()V">
          <lines>
            <line number="44" hits="6"/>
          </lines>
        </method>
        <method name="(anonymous_13)" hits="4" signature="()V">
          <lines>
            <line number="48" hits="4"/>
          </lines>
        </method>
        <method name="(anonymous_14)" hits="8" signature="()V">
          <lines>
            <line number="52" hits="8"/>
          </lines>
        </method>
        <method name="(anonymous_15)" hits="4" signature="()V">
          <lines>
            <line number="56" hits="4"/>
          </lines>
        </method>
        <method name="(anonymous_16)" hits="10" signature="()V">
          <lines>
            <line number="60" hits="10"/>
          </lines>
        </method>
        <method name="(anonymous_17)" hits="8" signature="()V">
          <lines>
            <line number="64" hits="8"/>
          </lines>
        </method>
        <method name="(anonymous_18)" hits="24" signature="()V">
          <lines>
            <line number="64" hits="24"/>
          </lines>
        </method>
        <method name="(anonymous_19)" hits="8" signature="()V">
          <lines>
            <line number="68" hits="8"/>
          </lines>
        </method>
        <method name="(anonymous_20)" hits="12" signature="()V">
          <lines>
            <line number="68" hits="12"/>
          </lines>
        </method>
        <method name="(anonymous_21)" hits="2" signature="()V">
          <lines>
            <line number="72" hits="2"/>
          </lines>
        </method>
        <method name="(anonymous_22)" hits="4" signature="()V">
          <lines>
            <line number="76" hits="4"/>
          </lines>
        </method>
        <method name="(anonymous_23)" hits="4" signature="()V">
          <lines>
            <line number="80" hits="4"/>
          </lines>
        </method>
        <method name="(anonymous_24)" hits="38" signature="()V">
          <lines>
            <line number="85" hits="38"/>
          </lines>
        </method>
        <method name="(anonymous_25)" hits="570" signature="()V">
          <lines>
            <line number="88" hits="570"/>
          </lines>
        </method>
        <method name="(anonymous_26)" hits="1140" signature="()V">
          <lines>
            <line number="90" hits="1140"/>
          </lines>
        </method>
        <method name="(anonymous_27)" hits="646" signature="()V">
          <lines>
            <line number="91" hits="646"/>
          </lines>
        </method>
        <method name="(anonymous_28)" hits="114" signature="()V">
          <lines>
            <line number="99" hits="114"/>
          </lines>
        </method>
        <method name="(anonymous_29)" hits="472" signature="()V">
          <lines>
            <line number="115" hits="472"/>
          </lines>
        </method>
        <method name="(anonymous_30)" hits="182" signature="()V">
          <lines>
            <line number="117" hits="182"/>
          </lines>
        </method>
        <method name="(anonymous_31)" hits="212" signature="()V">
          <lines>
            <line number="121" hits="212"/>
          </lines>
        </method>
        <method name="(anonymous_32)" hits="189" signature="()V">
          <lines>
            <line number="122" hits="189"/>
          </lines>
        </method>
        <method name="(anonymous_33)" hits="38" signature="()V">
          <lines>
            <line number="128" hits="38"/>
          </lines>
        </method>
        <method name="load" hits="19" signature="()V">
          <lines>
            <line number="146" hits="19"/>
          </lines>
        </method>
      </methods>
      <lines>
        <line number="1" hits="2" branch="false"/>
        <line number="2" hits="2" branch="false"/>
        <line number="4" hits="2" branch="false"/>
        <line number="8" hits="2" branch="false"/>
        <line number="13" hits="2" branch="false"/>
        <line number="14" hits="79" branch="false"/>
        <line number="16" hits="42" branch="false"/>
        <line number="18" hits="38" branch="false"/>
        <line number="21" hits="22" branch="false"/>
        <line number="25" hits="4" branch="false"/>
        <line number="29" hits="4" branch="false"/>
        <line number="33" hits="4" branch="false"/>
        <line number="37" hits="4" branch="false"/>
        <line number="38" hits="8" branch="false"/>
        <line number="43" hits="4" branch="false"/>
        <line number="44" hits="6" branch="false"/>
        <line number="48" hits="4" branch="false"/>
        <line number="52" hits="8" branch="true" condition-coverage="100% (2/2)"/>
        <line number="56" hits="4" branch="true" condition-coverage="100% (2/2)"/>
        <line number="60" hits="10" branch="false"/>
        <line number="64" hits="24" branch="false"/>
        <line number="68" hits="12" branch="false"/>
        <line number="72" hits="2" branch="false"/>
        <line number="76" hits="4" branch="false"/>
        <line number="81" hits="4" branch="false"/>
        <line number="85" hits="2" branch="false"/>
        <line number="86" hits="38" branch="false"/>
        <line number="89" hits="570" branch="false"/>
        <line number="90" hits="1140" branch="false"/>
        <line number="92" hits="646" branch="false"/>
        <line number="94" hits="570" branch="false"/>
        <line number="99" hits="2" branch="false"/>
        <line number="100" hits="114" branch="false"/>
        <line number="101" hits="114" branch="true" condition-coverage="100% (2/2)"/>
        <line number="102" hits="56" branch="false"/>
        <line number="103" hits="56" branch="false"/>
        <line number="104" hits="56" branch="true" condition-coverage="100% (2/2)"/>
        <line number="105" hits="40" branch="false"/>
        <line number="106" hits="40" branch="true" condition-coverage="100% (2/2)"/>
        <line number="107" hits="28" branch="false"/>
        <line number="109" hits="12" branch="false"/>
        <line number="115" hits="2" branch="false"/>
        <line number="116" hits="472" branch="true" condition-coverage="100% (2/2)"/>
        <line number="117" hits="182" branch="false"/>
        <line number="118" hits="398" branch="true" condition-coverage="100% (2/2)"/>
        <line number="119" hits="114" branch="false"/>
        <line number="121" hits="212" branch="false"/>
        <line number="122" hits="189" branch="false"/>
        <line number="124" hits="284" branch="false"/>
        <line number="128" hits="2" branch="false"/>
        <line number="129" hits="38" branch="false"/>
        <line number="130" hits="38" branch="false"/>
        <line number="131" hits="38" branch="false"/>
        <line number="132" hits="38" branch="false"/>
        <line number="133" hits="38" branch="false"/>
        <line number="136" hits="2" branch="false"/>
        <line number="147" hits="19" branch="false"/>
        <line number="149" hits="19" branch="false"/>
        <line number="151" hits="19" branch="false"/>
        <line number="153" hits="19" branch="false"/>
        <line number="155" hits="19" branch="false"/>
        <line number="157" hits="19" branch="false"/>
        <line number="160" hits="2" branch="false"/>
      </lines>
    </class>
  </packages>
</coverage>
